<?xml version="1.0" encoding="UTF-8"?>
<!-- Generated by org.testng.reporters.JUnitReportReporter -->
<testsuite skipped="1" hostname="nb550" name="net.absoft.mortalcombar.AgeCheckerTest" tests="2" failures="0" timestamp="2022-10-18T09:19:53 EEST" time="114.998" errors="0">
  <testcase name="testAgeUserCanPlay" time="114.998" classname="net.absoft.mortalcombar.AgeCheckerTest"/>
  <system-out/>
  <testcase name="testThatTooYoungUsersCanNotPlay" classname="net.absoft.mortalcombar.AgeCheckerTest">
    <skipped/>
  </testcase> <!-- testThatTooYoungUsersCanNotPlay -->
  <system-out/>
</testsuite> <!-- net.absoft.mortalcombar.AgeCheckerTest -->
